<?xml version="1.0" encoding="UTF-8"?>
<robot generator="Robot 6.0.2 (Python 3.11.1 on darwin)" generated="20230210 09:22:25.996" rpa="false" schemaversion="3">
<suite id="s1" name="Ksu robot" source="/Users/kseniiasokolova/PycharmProjects/Ksu_robot">
<suite id="s1-s1" name="Test" source="/Users/kseniiasokolova/PycharmProjects/Ksu_robot/test.robot">
<test id="s1-s1-t1" name="Assert post description for Mr Wcislo" line="70">
<kw name="Open Big Case eobuwie page">
<kw name="Open Browser" library="SeleniumLibrary">
<arg>${BC EOBUWIE URL}</arg>
<arg>${BROWSER}</arg>
<doc>Opens a new browser instance to the optional ``url``.</doc>
<msg timestamp="20230210 09:22:26.076" level="INFO">Opening browser 'Chrome' to base url 'https://flyingbisons.com/case-studies/eobuwie-mobile'.</msg>
<status status="PASS" starttime="20230210 09:22:26.075" endtime="20230210 09:22:32.971"/>
</kw>
<kw name="Title Should Be" library="SeleniumLibrary">
<arg>eObuwie mobile</arg>
<doc>Verifies that the current page title equals ``title``.</doc>
<msg timestamp="20230210 09:22:32.990" level="INFO">Page title is 'eObuwie mobile'.</msg>
<status status="PASS" starttime="20230210 09:22:32.971" endtime="20230210 09:22:32.990"/>
</kw>
<status status="PASS" starttime="20230210 09:22:26.075" endtime="20230210 09:22:32.991"/>
</kw>
<kw name="Close Cookies popup FB">
<kw name="Wait Until Element Is Visible" library="SeleniumLibrary">
<arg>${COOKIESFB}</arg>
<doc>Waits until the element ``locator`` is visible.</doc>
<status status="PASS" starttime="20230210 09:22:32.991" endtime="20230210 09:22:33.483"/>
</kw>
<kw name="Scroll Element Into View" library="SeleniumLibrary">
<arg>${COOKIESFB}</arg>
<doc>Scrolls the element identified by ``locator`` into view.</doc>
<status status="PASS" starttime="20230210 09:22:33.483" endtime="20230210 09:22:33.769"/>
</kw>
<kw name="Click Element" library="SeleniumLibrary">
<arg>${COOKIESFB}</arg>
<doc>Click the element identified by ``locator``.</doc>
<msg timestamp="20230210 09:22:33.769" level="INFO">Clicking element 'xpath=//*[@id="iubenda-cs-banner"]/div/div/div/div[3]/div[2]/button[2]'.</msg>
<status status="PASS" starttime="20230210 09:22:33.769" endtime="20230210 09:22:34.067"/>
</kw>
<status status="PASS" starttime="20230210 09:22:32.991" endtime="20230210 09:22:34.067"/>
</kw>
<kw name="Check post description for Mr Wcislo">
<kw name="Run Keyword And Ignore Error" library="BuiltIn">
<arg>Scroll Element Into View</arg>
<arg>${POSTDESCRIPTION}</arg>
<doc>Runs the given keyword with the given arguments and ignores possible error.</doc>
<kw name="Scroll Element Into View" library="SeleniumLibrary">
<arg>${POSTDESCRIPTION}</arg>
<doc>Scrolls the element identified by ``locator`` into view.</doc>
<msg timestamp="20230210 09:22:35.219" level="INFO" html="true">&lt;/td&gt;&lt;/tr&gt;&lt;tr&gt;&lt;td colspan="3"&gt;&lt;a href="selenium-screenshot-3.png"&gt;&lt;img src="selenium-screenshot-3.png" width="800px"&gt;&lt;/a&gt;</msg>
<msg timestamp="20230210 09:22:35.219" level="FAIL">MoveTargetOutOfBoundsException: Message: move target out of bounds
  (Session info: chrome=109.0.5414.119)
Stacktrace:
0   chromedriver                        0x0000000100cddfa8 chromedriver + 4886440
1   chromedriver                        0x0000000100c5b643 chromedriver + 4351555
2   chromedriver                        0x00000001008a999d chromedriver + 477597
3   chromedriver                        0x0000000100939db0 chromedriver + 1068464
4   chromedriver                        0x00000001009145d2 chromedriver + 914898
5   chromedriver                        0x000000010092f5fe chromedriver + 1025534
6   chromedriver                        0x00000001009143a3 chromedriver + 914339
7   chromedriver                        0x00000001008de57f chromedriver + 693631
8   chromedriver                        0x00000001008dfb1e chromedriver + 699166
9   chromedriver                        0x0000000100caab9e chromedriver + 4676510
10  chromedriver                        0x0000000100caf91e chromedriver + 4696350
11  chromedriver                        0x0000000100cb719f chromedriver + 4727199
12  chromedriver                        0x0000000100cb081a chromedriver + 4700186
13  chromedriver                        0x0000000100c83a62 chromedriver + 4516450
14  chromedriver                        0x0000000100ccf8c8 chromedriver + 4827336
15  chromedriver                        0x0000000100ccfa45 chromedriver + 4827717
16  chromedriver                        0x0000000100ce57ef chromedriver + 4917231
17  libsystem_pthread.dylib             0x00007ff80e35f259 _pthread_start + 125
18  libsystem_pthread.dylib             0x00007ff80e35ac7b thread_start + 15
</msg>
<status status="FAIL" starttime="20230210 09:22:34.067" endtime="20230210 09:22:35.222"/>
</kw>
<status status="PASS" starttime="20230210 09:22:34.067" endtime="20230210 09:22:35.223"/>
</kw>
<kw name="Wait Until Element Is Visible" library="SeleniumLibrary">
<arg>${POSTDESCRIPTION}</arg>
<doc>Waits until the element ``locator`` is visible.</doc>
<status status="PASS" starttime="20230210 09:22:35.223" endtime="20230210 09:22:35.709"/>
</kw>
<kw name="Element Text Should Be" library="SeleniumLibrary">
<arg>${POSTDESCRIPTION}</arg>
<arg>HEAD OF ECOMMERCE EXPERIENCE DESIGN, EOBUWIE</arg>
<doc>Verifies that element ``locator`` contains exact the text ``expected``.</doc>
<msg timestamp="20230210 09:22:35.710" level="INFO">Verifying element 'xpath=//p[@class='t-text -f12 -cWhite -uppercase']' contains exact text 'HEAD OF ECOMMERCE EXPERIENCE DESIGN, EOBUWIE'.</msg>
<status status="PASS" starttime="20230210 09:22:35.709" endtime="20230210 09:22:36.771"/>
</kw>
<kw name="Capture Page Screenshot" library="SeleniumLibrary">
<arg>screenshot_${TEST NAME}.png</arg>
<doc>Takes a screenshot of the current page and embeds it into a log file.</doc>
<msg timestamp="20230210 09:22:37.335" level="INFO" html="true">&lt;/td&gt;&lt;/tr&gt;&lt;tr&gt;&lt;td colspan="3"&gt;&lt;a href="screenshot_Assert%20post%20description%20for%20Mr%20Wcislo.png"&gt;&lt;img src="screenshot_Assert%20post%20description%20for%20Mr%20Wcislo.png" width="800px"&gt;&lt;/a&gt;</msg>
<status status="PASS" starttime="20230210 09:22:36.771" endtime="20230210 09:22:37.335"/>
</kw>
<status status="PASS" starttime="20230210 09:22:34.067" endtime="20230210 09:22:37.335"/>
</kw>
<kw name="Close Browser" library="SeleniumLibrary" type="TEARDOWN">
<doc>Closes the current browser.</doc>
<status status="PASS" starttime="20230210 09:22:37.335" endtime="20230210 09:22:37.412"/>
</kw>
<status status="PASS" starttime="20230210 09:22:26.075" endtime="20230210 09:22:37.412"/>
</test>
<doc>Suite description</doc>
<status status="PASS" starttime="20230210 09:22:26.004" endtime="20230210 09:22:37.412"/>
</suite>
<status status="PASS" starttime="20230210 09:22:25.997" endtime="20230210 09:22:37.413"/>
</suite>
<statistics>
<total>
<stat pass="1" fail="0" skip="0">All Tests</stat>
</total>
<tag>
</tag>
<suite>
<stat pass="1" fail="0" skip="0" id="s1" name="Ksu robot">Ksu robot</stat>
<stat pass="1" fail="0" skip="0" id="s1-s1" name="Test">Ksu robot.Test</stat>
</suite>
</statistics>
<errors>
</errors>
</robot>
